<?xml version="1.0" encoding="utf-8"?><testsuites name="pytest tests"><testsuite name="pytest" errors="0" failures="0" skipped="0" tests="12" time="3.070" timestamp="2026-02-03T12:49:27.456757+00:00" hostname="agent-env-452e0c59-3b4a-4f83-8568-fa922d36a405"><testcase classname="backend.tests.test_new_features.TestProductSearch" name="test_search_products_by_name" time="0.083" /><testcase classname="backend.tests.test_new_features.TestProductSearch" name="test_search_products_no_results" time="0.039" /><testcase classname="backend.tests.test_new_features.TestProductSearch" name="test_search_products_partial_match" time="0.041" /><testcase classname="backend.tests.test_new_features.TestProductSearch" name="test_search_products_case_insensitive" time="0.079" /><testcase classname="backend.tests.test_new_features.TestProductSearch" name="test_search_products_dedicated_endpoint" time="0.040" /><testcase classname="backend.tests.test_new_features.TestPaymentProofUpload" name="test_upload_payment_proof_jpg" time="0.664" /><testcase classname="backend.tests.test_new_features.TestPaymentProofUpload" name="test_upload_payment_proof_png" time="0.449" /><testcase classname="backend.tests.test_new_features.TestPaymentProofUpload" name="test_upload_payment_proof_pdf" time="0.545" /><testcase classname="backend.tests.test_new_features.TestPaymentProofUpload" name="test_upload_payment_proof_invalid_type" time="0.480" /><testcase classname="backend.tests.test_new_features.TestPaymentProofUpload" name="test_upload_payment_proof_nonexistent_order" time="0.039" /><testcase classname="backend.tests.test_new_features.TestPaymentProofUpload" name="test_get_payment_proof" time="0.508" /><testcase classname="backend.tests.test_new_features.TestExistingOrderPaymentProof" name="test_existing_order_has_payment_proof" time="0.037" /></testsuite></testsuites>